[2026-01-25T14:03:42.933Z] Script Initialization...
[2026-01-25T14:03:42.935Z] Connecting to MongoDB...
[2026-01-25T14:03:43.633Z] ✅ MongoDB Connected
[2026-01-25T14:03:43.634Z] 🚀 Starting India Ingestion from: backend/data/raw/College-ALL COLLEGES.csv
[2026-01-25T14:03:43.638Z] FATAL SCRIPT ERROR: Error: File not found: backend/data/raw/College-ALL COLLEGES.csv
    at ingestIndiaData (C:\Users\ADMIN\Downloads\CollegeDost\backend\scripts\ingest_aishe.js:58:15)
    at main (C:\Users\ADMIN\Downloads\CollegeDost\backend\scripts\ingest_aishe.js:175:15)
    at process.processTicksAndRejections (node:internal/process/task_queues:103:5)
[2026-01-25T14:03:43.639Z] Exiting...
[2026-01-25T14:03:56.178Z] Script Initialization...
[2026-01-25T14:03:56.180Z] Connecting to MongoDB...
[2026-01-25T14:03:56.552Z] ✅ MongoDB Connected
[2026-01-25T14:03:56.553Z] 🚀 Starting India Ingestion from: backend/data/raw/University-ALL UNIVERSITIES.csv
[2026-01-25T14:03:56.563Z] Headers found: ALL UNIVERSITIES, , , , , , 
[2026-01-25T14:03:56.573Z] 
✨ Ingestion Complete! Total Indian Colleges: 0
[2026-01-25T14:03:56.575Z] Exiting...
[2026-01-25T14:05:53.119Z] Script Initialization...
[2026-01-25T14:05:53.121Z] Connecting to MongoDB...
[2026-01-25T14:05:55.778Z] ✅ MongoDB Connected
[2026-01-25T14:05:55.780Z] 🚀 Starting India Ingestion from: backend/data/raw/University-ALL UNIVERSITIES.csv
[2026-01-25T14:05:55.788Z] ✅ Headers found: AISHE CODE, NAME, STATE, DISTRICT, WEBSITE, YEAR OF ESTABLISHMENT, LOCATION
[2026-01-25T14:05:57.157Z] Processed: 1000 Indian colleges...
[2026-01-25T14:05:57.557Z] 
✨ Ingestion Complete! Total Indian Colleges: 1394
[2026-01-25T14:05:57.558Z] Exiting...
[2026-01-25T14:06:08.807Z] Script Initialization...
[2026-01-25T14:06:08.808Z] Connecting to MongoDB...
[2026-01-25T14:06:09.207Z] ✅ MongoDB Connected
[2026-01-25T14:06:09.209Z] 🚀 Starting India Ingestion from: backend/data/raw/College-ALL COLLEGES.csv
[2026-01-25T14:06:09.212Z] FATAL SCRIPT ERROR: Error: File not found: backend/data/raw/College-ALL COLLEGES.csv
    at ingestIndiaData (C:\Users\ADMIN\Downloads\CollegeDost\backend\scripts\ingest_aishe.js:58:15)
    at main (C:\Users\ADMIN\Downloads\CollegeDost\backend\scripts\ingest_aishe.js:180:15)
    at process.processTicksAndRejections (node:internal/process/task_queues:103:5)
[2026-01-25T14:06:09.214Z] Exiting...
[2026-01-25T14:06:59.908Z] Script Initialization...
[2026-01-25T14:06:59.910Z] Connecting to MongoDB...
[2026-01-25T14:07:00.951Z] ✅ MongoDB Connected
[2026-01-25T14:07:00.952Z] 🚀 Starting India Ingestion from: backend/data/raw/College-ALL COLLEGE.csv
[2026-01-25T14:07:00.960Z] ✅ Headers found: AISHE CODE, NAME, STATE, DISTRICT, WEBSITE, YEAR OF ESTABLISHMENT, LOCATION, COLLEGE TYPE, MANEGEMENT, UNIVERSITY AISHE CODE, UNIVERSITY NAME, UNIVERSITY TYPE
[2026-01-25T14:07:02.366Z] Processed: 1000 Indian colleges...
[2026-01-25T14:07:03.324Z] Processed: 2000 Indian colleges...
[2026-01-25T14:07:04.268Z] Processed: 3000 Indian colleges...
[2026-01-25T14:07:05.311Z] Processed: 4000 Indian colleges...
[2026-01-25T14:07:06.468Z] Processed: 5000 Indian colleges...
[2026-01-25T14:07:07.556Z] Processed: 6000 Indian colleges...
[2026-01-25T14:07:08.515Z] Processed: 7000 Indian colleges...
[2026-01-25T14:07:09.534Z] Processed: 8000 Indian colleges...
[2026-01-25T14:07:10.559Z] Processed: 9000 Indian colleges...
[2026-01-25T14:07:11.681Z] Processed: 10000 Indian colleges...
[2026-01-25T14:07:12.791Z] Processed: 11000 Indian colleges...
[2026-01-25T14:07:13.867Z] Processed: 12000 Indian colleges...
[2026-01-25T14:07:14.865Z] Processed: 13000 Indian colleges...
[2026-01-25T14:07:15.856Z] Processed: 14000 Indian colleges...
[2026-01-25T14:07:16.970Z] Processed: 15000 Indian colleges...
[2026-01-25T14:07:18.026Z] Processed: 16000 Indian colleges...
[2026-01-25T14:07:19.164Z] Processed: 17000 Indian colleges...
[2026-01-25T14:07:20.400Z] Processed: 18000 Indian colleges...
[2026-01-25T14:07:21.666Z] Processed: 19000 Indian colleges...
[2026-01-25T14:07:23.148Z] Processed: 20000 Indian colleges...
[2026-01-25T14:07:24.781Z] Processed: 21000 Indian colleges...
[2026-01-25T14:07:26.270Z] Processed: 22000 Indian colleges...
[2026-01-25T14:07:27.512Z] Processed: 23000 Indian colleges...
[2026-01-25T14:07:28.952Z] Processed: 24000 Indian colleges...
[2026-01-25T14:07:30.266Z] Processed: 25000 Indian colleges...
[2026-01-25T14:07:31.784Z] Processed: 26000 Indian colleges...
[2026-01-25T14:07:33.433Z] Processed: 27000 Indian colleges...
[2026-01-25T14:07:34.617Z] Processed: 28000 Indian colleges...
[2026-01-25T14:07:35.682Z] Processed: 29000 Indian colleges...
[2026-01-25T14:07:36.723Z] Processed: 30000 Indian colleges...
[2026-01-25T14:07:37.780Z] Processed: 31000 Indian colleges...
[2026-01-25T14:07:39.035Z] Processed: 32000 Indian colleges...
[2026-01-25T14:07:40.437Z] Processed: 33000 Indian colleges...
[2026-01-25T14:07:41.718Z] Processed: 34000 Indian colleges...
[2026-01-25T14:07:42.788Z] Processed: 35000 Indian colleges...
[2026-01-25T14:07:43.844Z] Processed: 36000 Indian colleges...
[2026-01-25T14:07:45.214Z] Processed: 37000 Indian colleges...
[2026-01-25T14:07:46.712Z] Processed: 38000 Indian colleges...
[2026-01-25T14:07:48.224Z] Processed: 39000 Indian colleges...
[2026-01-25T14:07:49.628Z] Processed: 40000 Indian colleges...
[2026-01-25T14:07:51.306Z] Processed: 41000 Indian colleges...
[2026-01-25T14:07:52.685Z] Processed: 42000 Indian colleges...
[2026-01-25T14:07:54.069Z] Processed: 43000 Indian colleges...
[2026-01-25T14:07:55.299Z] Processed: 44000 Indian colleges...
[2026-01-25T14:07:56.471Z] Processed: 45000 Indian colleges...
[2026-01-25T14:07:57.585Z] Processed: 46000 Indian colleges...
[2026-01-25T14:07:58.770Z] Processed: 47000 Indian colleges...
[2026-01-25T14:08:00.125Z] Processed: 48000 Indian colleges...
[2026-01-25T14:08:01.411Z] Processed: 49000 Indian colleges...
[2026-01-25T14:08:02.619Z] Processed: 50000 Indian colleges...
[2026-01-25T14:08:03.797Z] Processed: 51000 Indian colleges...
[2026-01-25T14:08:05.141Z] Processed: 52000 Indian colleges...
[2026-01-25T14:08:06.382Z] Processed: 53000 Indian colleges...
[2026-01-25T14:08:06.632Z] 
✨ Ingestion Complete! Total Indian Colleges: 53179
[2026-01-25T14:08:06.634Z] Exiting...
