Starting script execution...
Starting script execution...
Starting script execution...
DB Connected.
Target File: C:\Users\ADMIN\Downloads\CollegeDost\backend\data\raw\hd2024.csv
FATAL SCRIPT ERROR: MongoBulkWriteError: E11000 duplicate key error collection: test.colleges index: slug_1 dup key: { slug: null }
    at OrderedBulkOperation.handleWriteError (C:\Users\ADMIN\Downloads\CollegeDost\backend\node_modules\mongoose\node_modules\mongodb\lib\bulk\common.js:802:19)
    at executeCommands (C:\Users\ADMIN\Downloads\CollegeDost\backend\node_modules\mongoose\node_modules\mongodb\lib\bulk\common.js:346:23)
    at process.processTicksAndRejections (node:internal/process/task_queues:103:5)
    at async C:\Users\ADMIN\Downloads\CollegeDost\backend\node_modules\mongoose\node_modules\mongodb\lib\bulk\common.js:788:24
    at async MongoClient.withSession (C:\Users\ADMIN\Downloads\CollegeDost\backend\node_modules\mongoose\node_modules\mongodb\lib\mongo_client.js:469:20)
    at async OrderedBulkOperation.execute (C:\Users\ADMIN\Downloads\CollegeDost\backend\node_modules\mongoose\node_modules\mongodb\lib\bulk\common.js:787:20)
    at async Collection.bulkWrite (C:\Users\ADMIN\Downloads\CollegeDost\backend\node_modules\mongoose\node_modules\mongodb\lib\collection.js:224:16)
    at async model.bulkWrite (C:\Users\ADMIN\Downloads\CollegeDost\backend\node_modules\mongoose\lib\model.js:3326:13)
    at async ingestUSData (C:\Users\ADMIN\Downloads\CollegeDost\backend\scripts\ingest_colleges.js:138:13)
    at async main (C:\Users\ADMIN\Downloads\CollegeDost\backend\scripts\ingest_colleges.js:176:9)
Script finished.
[2026-01-25T13:31:27.247Z] Script Initialization...
[2026-01-25T13:31:27.255Z] Connecting to MongoDB...
[2026-01-25T13:31:27.681Z] ✅ MongoDB Connected
[2026-01-25T13:31:27.686Z] 🚀 Starting Ingestion from: C:\Users\ADMIN\Downloads\CollegeDost\backend\data\raw\hd2024.csv
[2026-01-25T13:31:27.698Z] Headers found: UNITID, INSTNM, IALIAS, ADDR, CITY, STABBR, ZIP, FIPS, OBEREG, CHFNM, CHFTITLE, GENTELE, EIN, UEIS, OPEID, OPEFLAG, WEBADDR, ADMINURL, FAIDURL, APPLURL, NPRICURL, VETURL, ATHURL, DISAURL, SECTOR, ICLEVEL, CONTROL, HLOFFER, UGOFFER, GROFFER, HDEGOFR1, DEGGRANT, HBCU, HOSPITAL, MEDICAL, TRIBAL, LOCALE, OPENPUBL, ACT, NEWID, DEATHYR, CLOSEDAT, CYACTIVE, POSTSEC, PSEFLAG, PSET4FLG, RPTMTH, INSTCAT, C00CARNEGIE, C21BASIC, CARNEGIEIC, CARNEGIESAEC, CARNEGIERSCH, CARNEGIESIZE, CARNEGIEALF, CARNEGIEAPM, CARNEGIEGPM, LANDGRNT, INSTSIZE, F1SYSTYP, F1SYSNAM, F1SYSCOD, CBSA, CBSATYPE, CSA, COUNTYCD, COUNTYNM, CNGDSTCD, LONGITUD, LATITUDE, DFRCGID, DFRCUSCG
[2026-01-25T13:31:29.178Z] Processed: 1000 colleges...
[2026-01-25T13:31:30.342Z] Processed: 2000 colleges...
[2026-01-25T13:31:31.437Z] Processed: 3000 colleges...
[2026-01-25T13:31:32.511Z] Processed: 4000 colleges...
[2026-01-25T13:31:33.572Z] Processed: 5000 colleges...
[2026-01-25T13:31:34.660Z] Processed: 6000 colleges...
[2026-01-25T13:31:34.751Z] 
✨ Ingestion Complete! Total Colleges: 6072
[2026-01-25T13:31:34.751Z] Exiting...
[2026-01-27T12:16:06.507Z] Script Initialization...
[2026-01-27T12:16:06.512Z] Connecting to MongoDB...
[2026-01-27T12:16:06.908Z] ✅ MongoDB Connected
[2026-01-27T12:16:06.909Z] 🚀 Starting Ingestion from: C:\Users\ADMIN\Downloads\CollegeDost\backend\data\raw\hd2024.csv
[2026-01-27T12:16:06.916Z] Headers found: UNITID, INSTNM, IALIAS, ADDR, CITY, STABBR, ZIP, FIPS, OBEREG, CHFNM, CHFTITLE, GENTELE, EIN, UEIS, OPEID, OPEFLAG, WEBADDR, ADMINURL, FAIDURL, APPLURL, NPRICURL, VETURL, ATHURL, DISAURL, SECTOR, ICLEVEL, CONTROL, HLOFFER, UGOFFER, GROFFER, HDEGOFR1, DEGGRANT, HBCU, HOSPITAL, MEDICAL, TRIBAL, LOCALE, OPENPUBL, ACT, NEWID, DEATHYR, CLOSEDAT, CYACTIVE, POSTSEC, PSEFLAG, PSET4FLG, RPTMTH, INSTCAT, C00CARNEGIE, C21BASIC, CARNEGIEIC, CARNEGIESAEC, CARNEGIERSCH, CARNEGIESIZE, CARNEGIEALF, CARNEGIEAPM, CARNEGIEGPM, LANDGRNT, INSTSIZE, F1SYSTYP, F1SYSNAM, F1SYSCOD, CBSA, CBSATYPE, CSA, COUNTYCD, COUNTYNM, CNGDSTCD, LONGITUD, LATITUDE, DFRCGID, DFRCUSCG
[2026-01-27T12:16:08.288Z] Processed: 1000 colleges...
[2026-01-27T12:16:09.296Z] Processed: 2000 colleges...
[2026-01-27T12:16:10.294Z] Processed: 3000 colleges...
[2026-01-27T12:16:11.410Z] Processed: 4000 colleges...
[2026-01-27T12:16:12.487Z] Processed: 5000 colleges...
[2026-01-27T12:16:13.604Z] Processed: 6000 colleges...
[2026-01-27T12:16:13.675Z] 
✨ Ingestion Complete! Total Colleges: 6072
[2026-01-27T12:16:13.677Z] Exiting...
